<?xml version="1.0" encoding="UTF-8"?>
<testsuite xmlns:xsi="http://www.w3.org/2001/XMLSchema-instance" xsi:noNamespaceSchemaLocation="https://maven.apache.org/surefire/maven-surefire-plugin/xsd/surefire-test-report-3.0.xsd" version="3.0" name="com.parser.StAXKnifeParserTest" time="0.031" tests="6" errors="0" skipped="0" failures="0">
  <properties>
[...]
</properties>
  <testcase name="testParseOrigins" classname="com.parser.StAXKnifeParserTest" time="0.011"/>
  <testcase name="testParseCollectibleValues" classname="com.parser.StAXKnifeParserTest" time="0.003"/>
  <testcase name="testParseKnivesCount" classname="com.parser.StAXKnifeParserTest" time="0.002"/>
  <testcase name="testParseAllKnifeTypes" classname="com.parser.StAXKnifeParserTest" time="0.004"/>
  <testcase name="testParseTwoHandedSword" classname="com.parser.StAXKnifeParserTest" time="0.003"/>
  <testcase name="testParseInvalidFile" classname="com.parser.StAXKnifeParserTest" time="0.002"/>
</testsuite>