<?xml version="1.0" encoding="UTF-8"?>
<testsuite xmlns:xsi="http://www.w3.org/2001/XMLSchema-instance" xsi:noNamespaceSchemaLocation="https://maven.apache.org/surefire/maven-surefire-plugin/xsd/surefire-test-report-3.0.xsd" version="3.0" name="com.lab1.model.MusicCompositionTest" time="0.117" tests="40" errors="0" skipped="0" failures="0">
  <properties>
[...]
</properties>
  <testcase name="testVeryLongDuration" classname="com.lab1.model.MusicCompositionTest" time="0.0"/>
  <testcase name="testInvalidYear(int)[1]" classname="com.lab1.model.MusicCompositionTest" time="0.0"/>
  <testcase name="testInvalidYear(int)[2]" classname="com.lab1.model.MusicCompositionTest" time="0.01"/>
  <testcase name="testInvalidYear(int)[3]" classname="com.lab1.model.MusicCompositionTest" time="0.0"/>
  <testcase name="testInvalidYear(int)[4]" classname="com.lab1.model.MusicCompositionTest" time="0.0"/>
  <testcase name="testInvalidYear(int)[5]" classname="com.lab1.model.MusicCompositionTest" time="0.0"/>
  <testcase name="testInvalidYear(int)[6]" classname="com.lab1.model.MusicCompositionTest" time="0.0"/>
  <testcase name="testInvalidYear(int)[7]" classname="com.lab1.model.MusicCompositionTest" time="0.0"/>
  <testcase name="testToString" classname="com.lab1.model.MusicCompositionTest" time="0.012"/>
  <testcase name="testCompositionProperties" classname="com.lab1.model.MusicCompositionTest" time="0.0"/>
  <testcase name="testInvalidArtist(String)[1]" classname="com.lab1.model.MusicCompositionTest" time="0.0"/>
  <testcase name="testInvalidArtist(String)[2]" classname="com.lab1.model.MusicCompositionTest" time="0.001"/>
  <testcase name="testInvalidArtist(String)[3]" classname="com.lab1.model.MusicCompositionTest" time="0.0"/>
  <testcase name="testInvalidArtist(String)[4]" classname="com.lab1.model.MusicCompositionTest" time="0.0"/>
  <testcase name="testInvalidArtist(String)[5]" classname="com.lab1.model.MusicCompositionTest" time="0.0"/>
  <testcase name="testMinimumValidYear" classname="com.lab1.model.MusicCompositionTest" time="0.011"/>
  <testcase name="testValidComposition" classname="com.lab1.model.MusicCompositionTest" time="0.0"/>
  <testcase name="testMaximumValidYear" classname="com.lab1.model.MusicCompositionTest" time="0.004"/>
  <testcase name="testInvalidDuration(int)[1]" classname="com.lab1.model.MusicCompositionTest" time="0.0"/>
  <testcase name="testInvalidDuration(int)[2]" classname="com.lab1.model.MusicCompositionTest" time="0.0"/>
  <testcase name="testInvalidDuration(int)[3]" classname="com.lab1.model.MusicCompositionTest" time="0.0"/>
  <testcase name="testInvalidDuration(int)[4]" classname="com.lab1.model.MusicCompositionTest" time="0.0"/>
  <testcase name="testInvalidDuration(int)[5]" classname="com.lab1.model.MusicCompositionTest" time="0.0"/>
  <testcase name="testMinimumDuration" classname="com.lab1.model.MusicCompositionTest" time="0.001"/>
  <testcase name="testAboveMaximumYear" classname="com.lab1.model.MusicCompositionTest" time="0.001"/>
  <testcase name="testWhitespaceTrimming" classname="com.lab1.model.MusicCompositionTest" time="0.001"/>
  <testcase name="testInvalidGenre(String)[1]" classname="com.lab1.model.MusicCompositionTest" time="0.001"/>
  <testcase name="testInvalidGenre(String)[2]" classname="com.lab1.model.MusicCompositionTest" time="0.0"/>
  <testcase name="testInvalidGenre(String)[3]" classname="com.lab1.model.MusicCompositionTest" time="0.001"/>
  <testcase name="testInvalidGenre(String)[4]" classname="com.lab1.model.MusicCompositionTest" time="0.001"/>
  <testcase name="testToStringWithSpecialCharacters" classname="com.lab1.model.MusicCompositionTest" time="0.0"/>
  <testcase name="testInvalidTitle(String)[1]" classname="com.lab1.model.MusicCompositionTest" time="0.002"/>
  <testcase name="testInvalidTitle(String)[2]" classname="com.lab1.model.MusicCompositionTest" time="0.001"/>
  <testcase name="testInvalidTitle(String)[3]" classname="com.lab1.model.MusicCompositionTest" time="0.001"/>
  <testcase name="testInvalidTitle(String)[4]" classname="com.lab1.model.MusicCompositionTest" time="0.001"/>
  <testcase name="testInvalidTitle(String)[5]" classname="com.lab1.model.MusicCompositionTest" time="0.001"/>
  <testcase name="testInvalidTitle(String)[6]" classname="com.lab1.model.MusicCompositionTest" time="0.001"/>
  <testcase name="testUnicodeCharacters" classname="com.lab1.model.MusicCompositionTest" time="0.0"/>
  <testcase name="testValuePreservation" classname="com.lab1.model.MusicCompositionTest" time="0.0"/>
  <testcase name="testBelowMinimumYear" classname="com.lab1.model.MusicCompositionTest" time="0.0"/>
</testsuite>