<?xml version="1.0" encoding="UTF-8"?>
<testsuite xmlns:xsi="http://www.w3.org/2001/XMLSchema-instance" xsi:noNamespaceSchemaLocation="https://maven.apache.org/surefire/maven-surefire-plugin/xsd/surefire-test-report-3.0.xsd" version="3.0" name="com.lab1.util.CompilationsManagerTest" time="1.721" tests="10" errors="0" skipped="0" failures="0">
  <properties>
[...]
</properties>
  <testcase name="testGetCompilationsListEmpty" classname="com.lab1.util.CompilationsManagerTest" time="1.497">
    <system-out><![CDATA[Folder is empty. Create a new compilation
]]></system-out>
  </testcase>
  <testcase name="testDeleteFromEmptyFolder" classname="com.lab1.util.CompilationsManagerTest" time="0.01">
    <system-out><![CDATA[===== Delete a compilation =====
Folder is empty. Create a new compilation
]]></system-out>
  </testcase>
  <testcase name="testSelectExistingCompilation" classname="com.lab1.util.CompilationsManagerTest" time="0.104">
    <system-out><![CDATA[===== Select a compilation =====
 1. TestSelect.txt
================================
Choose the number of compilation: Compilation "TestSelect.txt" was successfully chosen
]]></system-out>
  </testcase>
  <testcase name="testDeleteCompilationConfirmed" classname="com.lab1.util.CompilationsManagerTest" time="0.01">
    <system-out><![CDATA[===== Delete a compilation =====
 1. TestDelete.txt
================================
Choose the number of compilation to delete: Are you sure you want to delete "TestDelete.txt"? (y/n): Compilation deleted successfully!
]]></system-out>
  </testcase>
  <testcase name="testSaveCompilation" classname="com.lab1.util.CompilationsManagerTest" time="0.015"/>
  <testcase name="testGetCompilationsList" classname="com.lab1.util.CompilationsManagerTest" time="0.013"/>
  <testcase name="testSelectInvalidCompilationNumber" classname="com.lab1.util.CompilationsManagerTest" time="0.01">
    <system-out><![CDATA[===== Select a compilation =====
 1. Test.txt
================================
Choose the number of compilation: Invalid number!
]]></system-out>
  </testcase>
  <testcase name="testSaveNullCompilation" classname="com.lab1.util.CompilationsManagerTest" time="0.002">
    <system-out><![CDATA[No compilation to save!
]]></system-out>
  </testcase>
  <testcase name="testDeleteCompilationCancelled" classname="com.lab1.util.CompilationsManagerTest" time="0.01">
    <system-out><![CDATA[===== Delete a compilation =====
 1. TestNoDelete.txt
================================
Choose the number of compilation to delete: Are you sure you want to delete "TestNoDelete.txt"? (y/n): Deletion cancelled.
]]></system-out>
  </testcase>
  <testcase name="testCreateCompilation" classname="com.lab1.util.CompilationsManagerTest" time="0.019">
    <system-out><![CDATA[Enter compilation title: Compilation created successfully!
]]></system-out>
  </testcase>
</testsuite>